-------------------------------------------------------------------------------
Test set: com.test.dependency.Test3Test
-------------------------------------------------------------------------------
<<<<<<< HEAD
Tests run: 1, Failures: 0, Errors: 0, Skipped: 0, Time elapsed: 0.001 sec
=======
<<<<<<< Upstream, based on cb57d15388f67c125a0191a0b3ef3a880a963356
<<<<<<< HEAD
Tests run: 1, Failures: 0, Errors: 0, Skipped: 0, Time elapsed: 0.001 sec
=======
Tests run: 1, Failures: 0, Errors: 0, Skipped: 0, Time elapsed: 0.002 sec
>>>>>>> 1e1c7a4... First release testdependency
=======
Tests run: 1, Failures: 0, Errors: 0, Skipped: 0, Time elapsed: 0.001 sec
>>>>>>> 7a4bf8f Second release
>>>>>>> bc47bc1... Test final merge
